# JRE version: OpenJDK Runtime Environment Temurin-21.0.8+9 (21.0.8+9) (build 21.0.8+9-LTS)
# Java VM: OpenJDK 64-Bit Server VM Temurin-21.0.8+9 (21.0.8+9-LTS, mixed mode, sharing, tiered, compressed oops, compressed class ptrs, parallel gc, windows-amd64)
GC Precious Log:
 CardTable entry size: 512
 CPUs: 20 total, 20 available
 Memory: 16068M
 Large Page Support: Disabled
 NUMA Support: Disabled
 Compressed Oops: Enabled (32-bit)
 Alignments: Space 512K, Generation 512K, Heap 2M
 Heap Min Capacity: 100M
 Heap Initial Capacity: 100M
 Heap Max Capacity: 2G
 Pre-touch: Disabled
 Parallel Workers: 15
Heap:
 PSYoungGen      total 5632K, used 4340K [0x00000000d5580000, 0x00000000d5c80000, 0x0000000100000000)
  eden space 4608K, 80% used [0x00000000d5580000,0x00000000d591d188,0x00000000d5a00000)
  from space 1024K, 62% used [0x00000000d5b00000,0x00000000d5ba0020,0x00000000d5c00000)
  to   space 512K, 0% used [0x00000000d5c00000,0x00000000d5c00000,0x00000000d5c80000)
 ParOldGen       total 880128K, used 879795K [0x0000000080000000, 0x00000000b5b80000, 0x00000000d5580000)
  object space 880128K, 99% used [0x0000000080000000,0x00000000b5b2cf58,0x00000000b5b80000)
 Metaspace       used 95199K, committed 96832K, reserved 1179648K
  class space    used 9448K, committed 10240K, reserved 1048576K
GC Heap History (20 events):
Event: 22087.940 GC heap before
{Heap before GC invocations=8201 (full 16):
 PSYoungGen      total 7680K, used 7304K [0x00000000d5580000, 0x00000000d6000000, 0x0000000100000000)
  eden space 4608K, 100% used [0x00000000d5580000,0x00000000d5a00000,0x00000000d5a00000)
  from space 3072K, 87% used [0x00000000d5a00000,0x00000000d5ca2050,0x00000000d5d00000)
  to   space 3072K, 0% used [0x00000000d5d00000,0x00000000d5d00000,0x00000000d6000000)
 ParOldGen       total 873984K, used 873691K [0x0000000080000000, 0x00000000b5580000, 0x00000000d5580000)
  object space 873984K, 99% used [0x0000000080000000,0x00000000b5536ea0,0x00000000b5580000)
 Metaspace       used 95199K, committed 96832K, reserved 1179648K
  class space    used 9448K, committed 10240K, reserved 1048576K
}
Event: 22087.942 GC heap after
{Heap after GC invocations=8201 (full 16):
 PSYoungGen      total 5632K, used 544K [0x00000000d5580000, 0x00000000d5e00000, 0x0000000100000000)
  eden space 4608K, 0% used [0x00000000d5580000,0x00000000d5580000,0x00000000d5a00000)
  from space 1024K, 53% used [0x00000000d5d00000,0x00000000d5d88000,0x00000000d5e00000)
  to   space 1536K, 0% used [0x00000000d5b00000,0x00000000d5b00000,0x00000000d5c80000)
 ParOldGen       total 876544K, used 876237K [0x0000000080000000, 0x00000000b5800000, 0x00000000d5580000)
  object space 876544K, 99% used [0x0000000080000000,0x00000000b57b37f0,0x00000000b5800000)
 Metaspace       used 95199K, committed 96832K, reserved 1179648K
  class space    used 9448K, committed 10240K, reserved 1048576K
}
Event: 22087.946 GC heap before
{Heap before GC invocations=8202 (full 16):
 PSYoungGen      total 5632K, used 5152K [0x00000000d5580000, 0x00000000d5e00000, 0x0000000100000000)
  eden space 4608K, 100% used [0x00000000d5580000,0x00000000d5a00000,0x00000000d5a00000)
  from space 1024K, 53% used [0x00000000d5d00000,0x00000000d5d88000,0x00000000d5e00000)
  to   space 1536K, 0% used [0x00000000d5b00000,0x00000000d5b00000,0x00000000d5c80000)
 ParOldGen       total 876544K, used 876237K [0x0000000080000000, 0x00000000b5800000, 0x00000000d5580000)
  object space 876544K, 99% used [0x0000000080000000,0x00000000b57b37f0,0x00000000b5800000)
 Metaspace       used 95199K, committed 96832K, reserved 1179648K
  class space    used 9448K, committed 10240K, reserved 1048576K
}
Event: 22087.948 GC heap after
{Heap after GC invocations=8202 (full 16):
 PSYoungGen      total 6144K, used 560K [0x00000000d5580000, 0x00000000d5d80000, 0x0000000100000000)
  eden space 4608K, 0% used [0x00000000d5580000,0x00000000d5580000,0x00000000d5a00000)
  from space 1536K, 36% used [0x00000000d5b00000,0x00000000d5b8c010,0x00000000d5c80000)
  to   space 1024K, 0% used [0x00000000d5c80000,0x00000000d5c80000,0x00000000d5d80000)
 ParOldGen       total 877056K, used 876630K [0x0000000080000000, 0x00000000b5880000, 0x00000000d5580000)
  object space 877056K, 99% used [0x0000000080000000,0x00000000b5815830,0x00000000b5880000)
 Metaspace       used 95199K, committed 96832K, reserved 1179648K
  class space    used 9448K, committed 10240K, reserved 1048576K
}
Event: 22087.953 GC heap before
{Heap before GC invocations=8203 (full 16):
 PSYoungGen      total 6144K, used 5168K [0x00000000d5580000, 0x00000000d5d80000, 0x0000000100000000)
  eden space 4608K, 100% used [0x00000000d5580000,0x00000000d5a00000,0x00000000d5a00000)
  from space 1536K, 36% used [0x00000000d5b00000,0x00000000d5b8c010,0x00000000d5c80000)
  to   space 1024K, 0% used [0x00000000d5c80000,0x00000000d5c80000,0x00000000d5d80000)
 ParOldGen       total 877056K, used 876630K [0x0000000080000000, 0x00000000b5880000, 0x00000000d5580000)
  object space 877056K, 99% used [0x0000000080000000,0x00000000b5815830,0x00000000b5880000)
 Metaspace       used 95199K, committed 96832K, reserved 1179648K
  class space    used 9448K, committed 10240K, reserved 1048576K
}
Event: 22087.954 GC heap after
{Heap after GC invocations=8203 (full 16):
 PSYoungGen      total 5632K, used 592K [0x00000000d5580000, 0x00000000d5d80000, 0x0000000100000000)
  eden space 4608K, 0% used [0x00000000d5580000,0x00000000d5580000,0x00000000d5a00000)
  from space 1024K, 57% used [0x00000000d5c80000,0x00000000d5d14010,0x00000000d5d80000)
  to   space 1024K, 0% used [0x00000000d5b80000,0x00000000d5b80000,0x00000000d5c80000)
 ParOldGen       total 877056K, used 877006K [0x0000000080000000, 0x00000000b5880000, 0x00000000d5580000)
  object space 877056K, 99% used [0x0000000080000000,0x00000000b5873850,0x00000000b5880000)
 Metaspace       used 95199K, committed 96832K, reserved 1179648K
  class space    used 9448K, committed 10240K, reserved 1048576K
}
Event: 22087.961 GC heap before
{Heap before GC invocations=8204 (full 16):
 PSYoungGen      total 5632K, used 5200K [0x00000000d5580000, 0x00000000d5d80000, 0x0000000100000000)
  eden space 4608K, 100% used [0x00000000d5580000,0x00000000d5a00000,0x00000000d5a00000)
  from space 1024K, 57% used [0x00000000d5c80000,0x00000000d5d14010,0x00000000d5d80000)
  to   space 1024K, 0% used [0x00000000d5b80000,0x00000000d5b80000,0x00000000d5c80000)
 ParOldGen       total 877056K, used 877006K [0x0000000080000000, 0x00000000b5880000, 0x00000000d5580000)
  object space 877056K, 99% used [0x0000000080000000,0x00000000b5873850,0x00000000b5880000)
 Metaspace       used 95199K, committed 96832K, reserved 1179648K
  class space    used 9448K, committed 10240K, reserved 1048576K
}
Event: 22087.962 GC heap after
{Heap after GC invocations=8204 (full 16):
 PSYoungGen      total 5632K, used 987K [0x00000000d5580000, 0x00000000d5d00000, 0x0000000100000000)
  eden space 4608K, 0% used [0x00000000d5580000,0x00000000d5580000,0x00000000d5a00000)
  from space 1024K, 96% used [0x00000000d5b80000,0x00000000d5c76ec0,0x00000000d5c80000)
  to   space 512K, 0% used [0x00000000d5c80000,0x00000000d5c80000,0x00000000d5d00000)
 ParOldGen       total 877568K, used 877378K [0x0000000080000000, 0x00000000b5900000, 0x00000000d5580000)
  object space 877568K, 99% used [0x0000000080000000,0x00000000b58d0880,0x00000000b5900000)
 Metaspace       used 95199K, committed 96832K, reserved 1179648K
  class space    used 9448K, committed 10240K, reserved 1048576K
}
Event: 22087.967 GC heap before
{Heap before GC invocations=8205 (full 16):
 PSYoungGen      total 5632K, used 5514K [0x00000000d5580000, 0x00000000d5d00000, 0x0000000100000000)
  eden space 4608K, 98% used [0x00000000d5580000,0x00000000d59eb9e0,0x00000000d5a00000)
  from space 1024K, 96% used [0x00000000d5b80000,0x00000000d5c76ec0,0x00000000d5c80000)
  to   space 512K, 0% used [0x00000000d5c80000,0x00000000d5c80000,0x00000000d5d00000)
 ParOldGen       total 877568K, used 877378K [0x0000000080000000, 0x00000000b5900000, 0x00000000d5580000)
  object space 877568K, 99% used [0x0000000080000000,0x00000000b58d0880,0x00000000b5900000)
 Metaspace       used 95199K, committed 96832K, reserved 1179648K
  class space    used 9448K, committed 10240K, reserved 1048576K
}
Event: 22087.968 GC heap after
{Heap after GC invocations=8205 (full 16):
 PSYoungGen      total 5120K, used 128K [0x00000000d5580000, 0x00000000d5d00000, 0x0000000100000000)
  eden space 4608K, 0% used [0x00000000d5580000,0x00000000d5580000,0x00000000d5a00000)
  from space 512K, 25% used [0x00000000d5c80000,0x00000000d5ca0000,0x00000000d5d00000)
  to   space 512K, 0% used [0x00000000d5c00000,0x00000000d5c00000,0x00000000d5c80000)
 ParOldGen       total 878592K, used 878197K [0x0000000080000000, 0x00000000b5a00000, 0x00000000d5580000)
  object space 878592K, 99% used [0x0000000080000000,0x00000000b599d760,0x00000000b5a00000)
 Metaspace       used 95199K, committed 96832K, reserved 1179648K
  class space    used 9448K, committed 10240K, reserved 1048576K
}
Event: 22088.525 GC heap before
{Heap before GC invocations=8206 (full 16):
 PSYoungGen      total 5120K, used 4736K [0x00000000d5580000, 0x00000000d5d00000, 0x0000000100000000)
  eden space 4608K, 100% used [0x00000000d5580000,0x00000000d5a00000,0x00000000d5a00000)
  from space 512K, 25% used [0x00000000d5c80000,0x00000000d5ca0000,0x00000000d5d00000)
  to   space 512K, 0% used [0x00000000d5c00000,0x00000000d5c00000,0x00000000d5c80000)
 ParOldGen       total 878592K, used 878197K [0x0000000080000000, 0x00000000b5a00000, 0x00000000d5580000)
  object space 878592K, 99% used [0x0000000080000000,0x00000000b599d760,0x00000000b5a00000)
 Metaspace       used 95199K, committed 96832K, reserved 1179648K
  class space    used 9448K, committed 10240K, reserved 1048576K
}
Event: 22088.527 GC heap after
{Heap after GC invocations=8206 (full 16):
 PSYoungGen      total 5120K, used 448K [0x00000000d5580000, 0x00000000d5d00000, 0x0000000100000000)
  eden space 4608K, 0% used [0x00000000d5580000,0x00000000d5580000,0x00000000d5a00000)
  from space 512K, 87% used [0x00000000d5c00000,0x00000000d5c70000,0x00000000d5c80000)
  to   space 512K, 0% used [0x00000000d5c80000,0x00000000d5c80000,0x00000000d5d00000)
 ParOldGen       total 878592K, used 878261K [0x0000000080000000, 0x00000000b5a00000, 0x00000000d5580000)
  object space 878592K, 99% used [0x0000000080000000,0x00000000b59ad760,0x00000000b5a00000)
 Metaspace       used 95199K, committed 96832K, reserved 1179648K
  class space    used 9448K, committed 10240K, reserved 1048576K
}
Event: 22088.533 GC heap before
{Heap before GC invocations=8207 (full 16):
 PSYoungGen      total 5120K, used 5056K [0x00000000d5580000, 0x00000000d5d00000, 0x0000000100000000)
  eden space 4608K, 100% used [0x00000000d5580000,0x00000000d5a00000,0x00000000d5a00000)
  from space 512K, 87% used [0x00000000d5c00000,0x00000000d5c70000,0x00000000d5c80000)
  to   space 512K, 0% used [0x00000000d5c80000,0x00000000d5c80000,0x00000000d5d00000)
 ParOldGen       total 878592K, used 878261K [0x0000000080000000, 0x00000000b5a00000, 0x00000000d5580000)
  object space 878592K, 99% used [0x0000000080000000,0x00000000b59ad760,0x00000000b5a00000)
 Metaspace       used 95199K, committed 96832K, reserved 1179648K
  class space    used 9448K, committed 10240K, reserved 1048576K
}
Event: 22088.534 GC heap after
{Heap after GC invocations=8207 (full 16):
 PSYoungGen      total 5120K, used 493K [0x00000000d5580000, 0x00000000d5d00000, 0x0000000100000000)
  eden space 4608K, 0% used [0x00000000d5580000,0x00000000d5580000,0x00000000d5a00000)
  from space 512K, 96% used [0x00000000d5c80000,0x00000000d5cfb750,0x00000000d5d00000)
  to   space 1024K, 0% used [0x00000000d5b00000,0x00000000d5b00000,0x00000000d5c00000)
 ParOldGen       total 879104K, used 878602K [0x0000000080000000, 0x00000000b5a80000, 0x00000000d5580000)
  object space 879104K, 99% used [0x0000000080000000,0x00000000b5a02980,0x00000000b5a80000)
 Metaspace       used 95199K, committed 96832K, reserved 1179648K
  class space    used 9448K, committed 10240K, reserved 1048576K
}
Event: 22088.539 GC heap before
{Heap before GC invocations=8208 (full 16):
 PSYoungGen      total 5120K, used 5101K [0x00000000d5580000, 0x00000000d5d00000, 0x0000000100000000)
  eden space 4608K, 100% used [0x00000000d5580000,0x00000000d5a00000,0x00000000d5a00000)
  from space 512K, 96% used [0x00000000d5c80000,0x00000000d5cfb750,0x00000000d5d00000)
  to   space 1024K, 0% used [0x00000000d5b00000,0x00000000d5b00000,0x00000000d5c00000)
 ParOldGen       total 879104K, used 878602K [0x0000000080000000, 0x00000000b5a80000, 0x00000000d5580000)
  object space 879104K, 99% used [0x0000000080000000,0x00000000b5a02980,0x00000000b5a80000)
 Metaspace       used 95199K, committed 96832K, reserved 1179648K
  class space    used 9448K, committed 10240K, reserved 1048576K
}
Event: 22088.540 GC heap after
{Heap after GC invocations=8208 (full 16):
 PSYoungGen      total 5632K, used 576K [0x00000000d5580000, 0x00000000d5d00000, 0x0000000100000000)
  eden space 4608K, 0% used [0x00000000d5580000,0x00000000d5580000,0x00000000d5a00000)
  from space 1024K, 56% used [0x00000000d5b00000,0x00000000d5b90000,0x00000000d5c00000)
  to   space 1024K, 0% used [0x00000000d5c00000,0x00000000d5c00000,0x00000000d5d00000)
 ParOldGen       total 879104K, used 879038K [0x0000000080000000, 0x00000000b5a80000, 0x00000000d5580000)
  object space 879104K, 99% used [0x0000000080000000,0x00000000b5a6f820,0x00000000b5a80000)
 Metaspace       used 95199K, committed 96832K, reserved 1179648K
  class space    used 9448K, committed 10240K, reserved 1048576K
}
Event: 22088.544 GC heap before
{Heap before GC invocations=8209 (full 16):
 PSYoungGen      total 5632K, used 5184K [0x00000000d5580000, 0x00000000d5d00000, 0x0000000100000000)
  eden space 4608K, 100% used [0x00000000d5580000,0x00000000d5a00000,0x00000000d5a00000)
  from space 1024K, 56% used [0x00000000d5b00000,0x00000000d5b90000,0x00000000d5c00000)
  to   space 1024K, 0% used [0x00000000d5c00000,0x00000000d5c00000,0x00000000d5d00000)
 ParOldGen       total 879104K, used 879038K [0x0000000080000000, 0x00000000b5a80000, 0x00000000d5580000)
  object space 879104K, 99% used [0x0000000080000000,0x00000000b5a6f820,0x00000000b5a80000)
 Metaspace       used 95199K, committed 96832K, reserved 1179648K
  class space    used 9448K, committed 10240K, reserved 1048576K
}
Event: 22088.546 GC heap after
{Heap after GC invocations=8209 (full 16):
 PSYoungGen      total 5632K, used 704K [0x00000000d5580000, 0x00000000d5d00000, 0x0000000100000000)
  eden space 4608K, 0% used [0x00000000d5580000,0x00000000d5580000,0x00000000d5a00000)
  from space 1024K, 68% used [0x00000000d5c00000,0x00000000d5cb0000,0x00000000d5d00000)
  to   space 1024K, 0% used [0x00000000d5b00000,0x00000000d5b00000,0x00000000d5c00000)
 ParOldGen       total 879616K, used 879411K [0x0000000080000000, 0x00000000b5b00000, 0x00000000d5580000)
  object space 879616K, 99% used [0x0000000080000000,0x00000000b5accc78,0x00000000b5b00000)
 Metaspace       used 95199K, committed 96832K, reserved 1179648K
  class space    used 9448K, committed 10240K, reserved 1048576K
}
Event: 22088.550 GC heap before
{Heap before GC invocations=8210 (full 16):
 PSYoungGen      total 5632K, used 5312K [0x00000000d5580000, 0x00000000d5d00000, 0x0000000100000000)
  eden space 4608K, 100% used [0x00000000d5580000,0x00000000d5a00000,0x00000000d5a00000)
  from space 1024K, 68% used [0x00000000d5c00000,0x00000000d5cb0000,0x00000000d5d00000)
  to   space 1024K, 0% used [0x00000000d5b00000,0x00000000d5b00000,0x00000000d5c00000)
 ParOldGen       total 879616K, used 879411K [0x0000000080000000, 0x00000000b5b00000, 0x00000000d5580000)
  object space 879616K, 99% used [0x0000000080000000,0x00000000b5accc78,0x00000000b5b00000)
 Metaspace       used 95199K, committed 96832K, reserved 1179648K
  class space    used 9448K, committed 10240K, reserved 1048576K
}
Event: 22088.551 GC heap after
{Heap after GC invocations=8210 (full 16):
 PSYoungGen      total 5632K, used 640K [0x00000000d5580000, 0x00000000d5c80000, 0x0000000100000000)
  eden space 4608K, 0% used [0x00000000d5580000,0x00000000d5580000,0x00000000d5a00000)
  from space 1024K, 62% used [0x00000000d5b00000,0x00000000d5ba0020,0x00000000d5c00000)
  to   space 512K, 0% used [0x00000000d5c00000,0x00000000d5c00000,0x00000000d5c80000)
 ParOldGen       total 880128K, used 879795K [0x0000000080000000, 0x00000000b5b80000, 0x00000000d5580000)
  object space 880128K, 99% used [0x0000000080000000,0x00000000b5b2cf58,0x00000000b5b80000)
 Metaspace       used 95199K, committed 96832K, reserved 1179648K
  class space    used 9448K, committed 10240K, reserved 1048576K
}

