# JRE version: OpenJDK Runtime Environment Temurin-21.0.8+9 (21.0.8+9) (build 21.0.8+9-LTS)
# Java VM: OpenJDK 64-Bit Server VM Temurin-21.0.8+9 (21.0.8+9-LTS, mixed mode, sharing, tiered, compressed oops, compressed class ptrs, parallel gc, windows-amd64)
GC Precious Log:
 CardTable entry size: 512
 CPUs: 20 total, 20 available
 Memory: 16068M
 Large Page Support: Disabled
 NUMA Support: Disabled
 Compressed Oops: Enabled (32-bit)
 Alignments: Space 512K, Generation 512K, Heap 2M
 Heap Min Capacity: 100M
 Heap Initial Capacity: 100M
 Heap Max Capacity: 2G
 Pre-touch: Disabled
 Parallel Workers: 15
Heap:
 PSYoungGen      total 3584K, used 1046K [0x00000000d5580000, 0x00000000d5a80000, 0x0000000100000000)
  eden space 3072K, 17% used [0x00000000d5580000,0x00000000d5605840,0x00000000d5880000)
  from space 512K, 100% used [0x00000000d5980000,0x00000000d5a00000,0x00000000d5a00000)
  to   space 1024K, 0% used [0x00000000d5880000,0x00000000d5880000,0x00000000d5980000)
 ParOldGen       total 975872K, used 975404K [0x0000000080000000, 0x00000000bb900000, 0x00000000d5580000)
  object space 975872K, 99% used [0x0000000080000000,0x00000000bb88b0f0,0x00000000bb900000)
 Metaspace       used 75706K, committed 77120K, reserved 1179648K
  class space    used 7432K, committed 8064K, reserved 1048576K
GC Heap History (20 events):
Event: 3799.823 GC heap after
{Heap after GC invocations=1004 (full 4):
 PSYoungGen      total 4096K, used 512K [0x00000000d5580000, 0x00000000d5a80000, 0x0000000100000000)
  eden space 3072K, 0% used [0x00000000d5580000,0x00000000d5580000,0x00000000d5880000)
  from space 1024K, 50% used [0x00000000d5980000,0x00000000d5a00000,0x00000000d5a80000)
  to   space 1024K, 0% used [0x00000000d5880000,0x00000000d5880000,0x00000000d5980000)
 ParOldGen       total 941568K, used 941381K [0x0000000080000000, 0x00000000b9780000, 0x00000000d5580000)
  object space 941568K, 99% used [0x0000000080000000,0x00000000b9751640,0x00000000b9780000)
 Metaspace       used 75569K, committed 77056K, reserved 1179648K
  class space    used 7416K, committed 8064K, reserved 1048576K
}
Event: 3799.828 GC heap before
{Heap before GC invocations=1005 (full 4):
 PSYoungGen      total 4096K, used 3584K [0x00000000d5580000, 0x00000000d5a80000, 0x0000000100000000)
  eden space 3072K, 100% used [0x00000000d5580000,0x00000000d5880000,0x00000000d5880000)
  from space 1024K, 50% used [0x00000000d5980000,0x00000000d5a00000,0x00000000d5a80000)
  to   space 1024K, 0% used [0x00000000d5880000,0x00000000d5880000,0x00000000d5980000)
 ParOldGen       total 941568K, used 941381K [0x0000000080000000, 0x00000000b9780000, 0x00000000d5580000)
  object space 941568K, 99% used [0x0000000080000000,0x00000000b9751640,0x00000000b9780000)
 Metaspace       used 75569K, committed 77056K, reserved 1179648K
  class space    used 7416K, committed 8064K, reserved 1048576K
}
Event: 3799.829 GC heap after
{Heap after GC invocations=1005 (full 4):
 PSYoungGen      total 4096K, used 608K [0x00000000d5580000, 0x00000000d5b80000, 0x0000000100000000)
  eden space 3072K, 0% used [0x00000000d5580000,0x00000000d5580000,0x00000000d5880000)
  from space 1024K, 59% used [0x00000000d5880000,0x00000000d5918000,0x00000000d5980000)
  to   space 1024K, 0% used [0x00000000d5a80000,0x00000000d5a80000,0x00000000d5b80000)
 ParOldGen       total 942080K, used 941629K [0x0000000080000000, 0x00000000b9800000, 0x00000000d5580000)
  object space 942080K, 99% used [0x0000000080000000,0x00000000b978f660,0x00000000b9800000)
 Metaspace       used 75569K, committed 77056K, reserved 1179648K
  class space    used 7416K, committed 8064K, reserved 1048576K
}
Event: 3799.835 GC heap before
{Heap before GC invocations=1006 (full 4):
 PSYoungGen      total 4096K, used 3680K [0x00000000d5580000, 0x00000000d5b80000, 0x0000000100000000)
  eden space 3072K, 100% used [0x00000000d5580000,0x00000000d5880000,0x00000000d5880000)
  from space 1024K, 59% used [0x00000000d5880000,0x00000000d5918000,0x00000000d5980000)
  to   space 1024K, 0% used [0x00000000d5a80000,0x00000000d5a80000,0x00000000d5b80000)
 ParOldGen       total 942080K, used 941629K [0x0000000080000000, 0x00000000b9800000, 0x00000000d5580000)
  object space 942080K, 99% used [0x0000000080000000,0x00000000b978f660,0x00000000b9800000)
 Metaspace       used 75569K, committed 77056K, reserved 1179648K
  class space    used 7416K, committed 8064K, reserved 1048576K
}
Event: 3799.837 GC heap after
{Heap after GC invocations=1006 (full 4):
 PSYoungGen      total 4096K, used 720K [0x00000000d5580000, 0x00000000d5b80000, 0x0000000100000000)
  eden space 3072K, 0% used [0x00000000d5580000,0x00000000d5580000,0x00000000d5880000)
  from space 1024K, 70% used [0x00000000d5a80000,0x00000000d5b34010,0x00000000d5b80000)
  to   space 1024K, 0% used [0x00000000d5880000,0x00000000d5880000,0x00000000d5980000)
 ParOldGen       total 942080K, used 941958K [0x0000000080000000, 0x00000000b9800000, 0x00000000d5580000)
  object space 942080K, 99% used [0x0000000080000000,0x00000000b97e1920,0x00000000b9800000)
 Metaspace       used 75569K, committed 77056K, reserved 1179648K
  class space    used 7416K, committed 8064K, reserved 1048576K
}
Event: 3799.842 GC heap before
{Heap before GC invocations=1007 (full 4):
 PSYoungGen      total 4096K, used 3792K [0x00000000d5580000, 0x00000000d5b80000, 0x0000000100000000)
  eden space 3072K, 100% used [0x00000000d5580000,0x00000000d5880000,0x00000000d5880000)
  from space 1024K, 70% used [0x00000000d5a80000,0x00000000d5b34010,0x00000000d5b80000)
  to   space 1024K, 0% used [0x00000000d5880000,0x00000000d5880000,0x00000000d5980000)
 ParOldGen       total 942080K, used 941958K [0x0000000080000000, 0x00000000b9800000, 0x00000000d5580000)
  object space 942080K, 99% used [0x0000000080000000,0x00000000b97e1920,0x00000000b9800000)
 Metaspace       used 75578K, committed 77056K, reserved 1179648K
  class space    used 7416K, committed 8064K, reserved 1048576K
}
Event: 3799.843 GC heap after
{Heap after GC invocations=1007 (full 4):
 PSYoungGen      total 4096K, used 576K [0x00000000d5580000, 0x00000000d5b00000, 0x0000000100000000)
  eden space 3072K, 0% used [0x00000000d5580000,0x00000000d5580000,0x00000000d5880000)
  from space 1024K, 56% used [0x00000000d5880000,0x00000000d5910000,0x00000000d5980000)
  to   space 1024K, 0% used [0x00000000d5a00000,0x00000000d5a00000,0x00000000d5b00000)
 ParOldGen       total 942592K, used 942479K [0x0000000080000000, 0x00000000b9880000, 0x00000000d5580000)
  object space 942592K, 99% used [0x0000000080000000,0x00000000b9863ce0,0x00000000b9880000)
 Metaspace       used 75578K, committed 77056K, reserved 1179648K
  class space    used 7416K, committed 8064K, reserved 1048576K
}
Event: 3799.847 GC heap before
{Heap before GC invocations=1008 (full 4):
 PSYoungGen      total 4096K, used 3648K [0x00000000d5580000, 0x00000000d5b00000, 0x0000000100000000)
  eden space 3072K, 100% used [0x00000000d5580000,0x00000000d5880000,0x00000000d5880000)
  from space 1024K, 56% used [0x00000000d5880000,0x00000000d5910000,0x00000000d5980000)
  to   space 1024K, 0% used [0x00000000d5a00000,0x00000000d5a00000,0x00000000d5b00000)
 ParOldGen       total 942592K, used 942479K [0x0000000080000000, 0x00000000b9880000, 0x00000000d5580000)
  object space 942592K, 99% used [0x0000000080000000,0x00000000b9863ce0,0x00000000b9880000)
 Metaspace       used 75578K, committed 77056K, reserved 1179648K
  class space    used 7416K, committed 8064K, reserved 1048576K
}
Event: 3799.849 GC heap after
{Heap after GC invocations=1008 (full 4):
 PSYoungGen      total 4096K, used 529K [0x00000000d5580000, 0x00000000d5b00000, 0x0000000100000000)
  eden space 3072K, 0% used [0x00000000d5580000,0x00000000d5580000,0x00000000d5880000)
  from space 1024K, 51% used [0x00000000d5a00000,0x00000000d5a844b8,0x00000000d5b00000)
  to   space 1024K, 0% used [0x00000000d5880000,0x00000000d5880000,0x00000000d5980000)
 ParOldGen       total 943104K, used 942783K [0x0000000080000000, 0x00000000b9900000, 0x00000000d5580000)
  object space 943104K, 99% used [0x0000000080000000,0x00000000b98afd00,0x00000000b9900000)
 Metaspace       used 75578K, committed 77056K, reserved 1179648K
  class space    used 7416K, committed 8064K, reserved 1048576K
}
Event: 3799.858 GC heap before
{Heap before GC invocations=1009 (full 4):
 PSYoungGen      total 4096K, used 3601K [0x00000000d5580000, 0x00000000d5b00000, 0x0000000100000000)
  eden space 3072K, 99% used [0x00000000d5580000,0x00000000d587fff0,0x00000000d5880000)
  from space 1024K, 51% used [0x00000000d5a00000,0x00000000d5a844b8,0x00000000d5b00000)
  to   space 1024K, 0% used [0x00000000d5880000,0x00000000d5880000,0x00000000d5980000)
 ParOldGen       total 943104K, used 942783K [0x0000000080000000, 0x00000000b9900000, 0x00000000d5580000)
  object space 943104K, 99% used [0x0000000080000000,0x00000000b98afd00,0x00000000b9900000)
 Metaspace       used 75580K, committed 77056K, reserved 1179648K
  class space    used 7416K, committed 8064K, reserved 1048576K
}
Event: 3799.860 GC heap after
{Heap after GC invocations=1009 (full 4):
 PSYoungGen      total 4096K, used 544K [0x00000000d5580000, 0x00000000d5a80000, 0x0000000100000000)
  eden space 3072K, 0% used [0x00000000d5580000,0x00000000d5580000,0x00000000d5880000)
  from space 1024K, 53% used [0x00000000d5880000,0x00000000d5908000,0x00000000d5980000)
  to   space 1024K, 0% used [0x00000000d5980000,0x00000000d5980000,0x00000000d5a80000)
 ParOldGen       total 943616K, used 943151K [0x0000000080000000, 0x00000000b9980000, 0x00000000d5580000)
  object space 943616K, 99% used [0x0000000080000000,0x00000000b990be78,0x00000000b9980000)
 Metaspace       used 75580K, committed 77056K, reserved 1179648K
  class space    used 7416K, committed 8064K, reserved 1048576K
}
Event: 3799.867 GC heap before
{Heap before GC invocations=1010 (full 4):
 PSYoungGen      total 4096K, used 3616K [0x00000000d5580000, 0x00000000d5a80000, 0x0000000100000000)
  eden space 3072K, 100% used [0x00000000d5580000,0x00000000d5880000,0x00000000d5880000)
  from space 1024K, 53% used [0x00000000d5880000,0x00000000d5908000,0x00000000d5980000)
  to   space 1024K, 0% used [0x00000000d5980000,0x00000000d5980000,0x00000000d5a80000)
 ParOldGen       total 951808K, used 950831K [0x0000000080000000, 0x00000000ba180000, 0x00000000d5580000)
  object space 951808K, 99% used [0x0000000080000000,0x00000000ba08be88,0x00000000ba180000)
 Metaspace       used 75580K, committed 77056K, reserved 1179648K
  class space    used 7416K, committed 8064K, reserved 1048576K
}
Event: 3799.869 GC heap after
{Heap after GC invocations=1010 (full 4):
 PSYoungGen      total 4096K, used 528K [0x00000000d5580000, 0x00000000d5a80000, 0x0000000100000000)
  eden space 3072K, 0% used [0x00000000d5580000,0x00000000d5580000,0x00000000d5880000)
  from space 1024K, 51% used [0x00000000d5980000,0x00000000d5a04010,0x00000000d5a80000)
  to   space 1024K, 0% used [0x00000000d5880000,0x00000000d5880000,0x00000000d5980000)
 ParOldGen       total 951808K, used 951207K [0x0000000080000000, 0x00000000ba180000, 0x00000000d5580000)
  object space 951808K, 99% used [0x0000000080000000,0x00000000ba0e9ea8,0x00000000ba180000)
 Metaspace       used 75580K, committed 77056K, reserved 1179648K
  class space    used 7416K, committed 8064K, reserved 1048576K
}
Event: 3799.878 GC heap before
{Heap before GC invocations=1011 (full 4):
 PSYoungGen      total 4096K, used 3600K [0x00000000d5580000, 0x00000000d5a80000, 0x0000000100000000)
  eden space 3072K, 100% used [0x00000000d5580000,0x00000000d5880000,0x00000000d5880000)
  from space 1024K, 51% used [0x00000000d5980000,0x00000000d5a04010,0x00000000d5a80000)
  to   space 1024K, 0% used [0x00000000d5880000,0x00000000d5880000,0x00000000d5980000)
 ParOldGen       total 975360K, used 974247K [0x0000000080000000, 0x00000000bb880000, 0x00000000d5580000)
  object space 975360K, 99% used [0x0000000080000000,0x00000000bb769ec8,0x00000000bb880000)
 Metaspace       used 75582K, committed 77056K, reserved 1179648K
  class space    used 7416K, committed 8064K, reserved 1048576K
}
Event: 3799.879 GC heap after
{Heap after GC invocations=1011 (full 4):
 PSYoungGen      total 4096K, used 672K [0x00000000d5580000, 0x00000000d5a80000, 0x0000000100000000)
  eden space 3072K, 0% used [0x00000000d5580000,0x00000000d5580000,0x00000000d5880000)
  from space 1024K, 65% used [0x00000000d5880000,0x00000000d5928000,0x00000000d5980000)
  to   space 1024K, 0% used [0x00000000d5980000,0x00000000d5980000,0x00000000d5a80000)
 ParOldGen       total 975360K, used 974543K [0x0000000080000000, 0x00000000bb880000, 0x00000000d5580000)
  object space 975360K, 99% used [0x0000000080000000,0x00000000bb7b3f28,0x00000000bb880000)
 Metaspace       used 75582K, committed 77056K, reserved 1179648K
  class space    used 7416K, committed 8064K, reserved 1048576K
}
Event: 3799.899 GC heap before
{Heap before GC invocations=1012 (full 4):
 PSYoungGen      total 4096K, used 3744K [0x00000000d5580000, 0x00000000d5a80000, 0x0000000100000000)
  eden space 3072K, 100% used [0x00000000d5580000,0x00000000d5880000,0x00000000d5880000)
  from space 1024K, 65% used [0x00000000d5880000,0x00000000d5928000,0x00000000d5980000)
  to   space 1024K, 0% used [0x00000000d5980000,0x00000000d5980000,0x00000000d5a80000)
 ParOldGen       total 975360K, used 974543K [0x0000000080000000, 0x00000000bb880000, 0x00000000d5580000)
  object space 975360K, 99% used [0x0000000080000000,0x00000000bb7b3f28,0x00000000bb880000)
 Metaspace       used 75583K, committed 77056K, reserved 1179648K
  class space    used 7416K, committed 8064K, reserved 1048576K
}
Event: 3799.901 GC heap after
{Heap after GC invocations=1012 (full 4):
 PSYoungGen      total 4096K, used 480K [0x00000000d5580000, 0x00000000d5a80000, 0x0000000100000000)
  eden space 3072K, 0% used [0x00000000d5580000,0x00000000d5580000,0x00000000d5880000)
  from space 1024K, 46% used [0x00000000d5980000,0x00000000d59f8000,0x00000000d5a80000)
  to   space 1024K, 0% used [0x00000000d5880000,0x00000000d5880000,0x00000000d5980000)
 ParOldGen       total 975360K, used 975037K [0x0000000080000000, 0x00000000bb880000, 0x00000000d5580000)
  object space 975360K, 99% used [0x0000000080000000,0x00000000bb82f6e0,0x00000000bb880000)
 Metaspace       used 75583K, committed 77056K, reserved 1179648K
  class space    used 7416K, committed 8064K, reserved 1048576K
}
Event: 3802.654 GC heap before
{Heap before GC invocations=1013 (full 4):
 PSYoungGen      total 4096K, used 3552K [0x00000000d5580000, 0x00000000d5a80000, 0x0000000100000000)
  eden space 3072K, 100% used [0x00000000d5580000,0x00000000d5880000,0x00000000d5880000)
  from space 1024K, 46% used [0x00000000d5980000,0x00000000d59f8000,0x00000000d5a80000)
  to   space 1024K, 0% used [0x00000000d5880000,0x00000000d5880000,0x00000000d5980000)
 ParOldGen       total 975360K, used 975037K [0x0000000080000000, 0x00000000bb880000, 0x00000000d5580000)
  object space 975360K, 99% used [0x0000000080000000,0x00000000bb82f6e0,0x00000000bb880000)
 Metaspace       used 75584K, committed 77056K, reserved 1179648K
  class space    used 7416K, committed 8064K, reserved 1048576K
}
Event: 3802.655 GC heap after
{Heap after GC invocations=1013 (full 4):
 PSYoungGen      total 4096K, used 384K [0x00000000d5580000, 0x00000000d5a00000, 0x0000000100000000)
  eden space 3072K, 0% used [0x00000000d5580000,0x00000000d5580000,0x00000000d5880000)
  from space 1024K, 37% used [0x00000000d5880000,0x00000000d58e0000,0x00000000d5980000)
  to   space 512K, 0% used [0x00000000d5980000,0x00000000d5980000,0x00000000d5a00000)
 ParOldGen       total 975360K, used 975292K [0x0000000080000000, 0x00000000bb880000, 0x00000000d5580000)
  object space 975360K, 99% used [0x0000000080000000,0x00000000bb86f0f0,0x00000000bb880000)
 Metaspace       used 75584K, committed 77056K, reserved 1179648K
  class space    used 7416K, committed 8064K, reserved 1048576K
}
Event: 3985.138 GC heap before
{Heap before GC invocations=1014 (full 4):
 PSYoungGen      total 4096K, used 3456K [0x00000000d5580000, 0x00000000d5a00000, 0x0000000100000000)
  eden space 3072K, 100% used [0x00000000d5580000,0x00000000d5880000,0x00000000d5880000)
  from space 1024K, 37% used [0x00000000d5880000,0x00000000d58e0000,0x00000000d5980000)
  to   space 512K, 0% used [0x00000000d5980000,0x00000000d5980000,0x00000000d5a00000)
 ParOldGen       total 975360K, used 975292K [0x0000000080000000, 0x00000000bb880000, 0x00000000d5580000)
  object space 975360K, 99% used [0x0000000080000000,0x00000000bb86f0f0,0x00000000bb880000)
 Metaspace       used 75705K, committed 77120K, reserved 1179648K
  class space    used 7432K, committed 8064K, reserved 1048576K
}

